[ 2016-07-05T16:58:41+08:00 ] 123.119.189.223 /index.php
INFO: [ app_init ] --START--
INFO: Run Behavior\BuildLiteBehavior [ RunTime:0.000124s ]
INFO: [ app_init ] --END-- [ RunTime:0.000660s ]
INFO: [ app_begin ] --START--
INFO: Run Behavior\ReadHtmlCacheBehavior [ RunTime:0.000270s ]
INFO: [ app_begin ] --END-- [ RunTime:0.000703s ]
NOTIC: [2] session_start(): open(/var/lib/php/session/sess_mm4qlb207a18fbajplag5nrdp7, O_RDWR) failed: Permission denied (13) /home/dspweb/ThinkPHP/Common/functions.php 第 1438 行.
INFO: [ view_parse ] --START--
INFO: [ template_filter ] --START--
INFO: Run Behavior\ContentReplaceBehavior [ RunTime:0.000199s ]
INFO: [ template_filter ] --END-- [ RunTime:0.000655s ]
INFO: Run Behavior\ParseTemplateBehavior [ RunTime:0.006572s ]
INFO: [ view_parse ] --END-- [ RunTime:0.007001s ]
INFO: [ view_filter ] --START--
INFO: Run Behavior\WriteHtmlCacheBehavior [ RunTime:0.000239s ]
INFO: [ view_filter ] --END-- [ RunTime:0.000662s ]
INFO: [ app_end ] --START--
INFO: Run Behavior\ShowPageTraceBehavior [ RunTime:0.000239s ]
INFO: [ app_end ] --END-- [ RunTime:0.000628s ]

[ 2016-07-05T17:04:28+08:00 ] 123.119.189.223 /index.php
INFO: [ app_init ] --START--
INFO: Run Behavior\BuildLiteBehavior [ RunTime:0.000129s ]
INFO: [ app_init ] --END-- [ RunTime:0.000887s ]
INFO: [ app_begin ] --START--
INFO: Run Behavior\ReadHtmlCacheBehavior [ RunTime:0.000341s ]
INFO: [ app_begin ] --END-- [ RunTime:0.000937s ]
NOTIC: [2] session_start(): open(/var/lib/php/session/sess_mm4qlb207a18fbajplag5nrdp7, O_RDWR) failed: Permission denied (13) /home/dspweb/ThinkPHP/Common/functions.php 第 1438 行.
ERR: 模板不存在:./App/Home/View/Index/regist.html

[ 2016-07-05T17:05:12+08:00 ] 123.119.189.223 /index.php
INFO: [ app_init ] --START--
INFO: Run Behavior\BuildLiteBehavior [ RunTime:0.000114s ]
INFO: [ app_init ] --END-- [ RunTime:0.000753s ]
INFO: [ app_begin ] --START--
INFO: Run Behavior\ReadHtmlCacheBehavior [ RunTime:0.000288s ]
INFO: [ app_begin ] --END-- [ RunTime:0.000802s ]
NOTIC: [2] session_start(): open(/var/lib/php/session/sess_mm4qlb207a18fbajplag5nrdp7, O_RDWR) failed: Permission denied (13) /home/dspweb/ThinkPHP/Common/functions.php 第 1438 行.
ERR: 模板不存在:./App/Home/View/Index/regist.html

[ 2016-07-05T17:06:56+08:00 ] 123.119.189.223 /index.php
INFO: [ app_init ] --START--
INFO: Run Behavior\BuildLiteBehavior [ RunTime:0.000132s ]
INFO: [ app_init ] --END-- [ RunTime:0.000887s ]
INFO: [ app_begin ] --START--
INFO: Run Behavior\ReadHtmlCacheBehavior [ RunTime:0.000361s ]
INFO: [ app_begin ] --END-- [ RunTime:0.000943s ]
NOTIC: [2] session_start(): open(/var/lib/php/session/sess_mm4qlb207a18fbajplag5nrdp7, O_RDWR) failed: Permission denied (13) /home/dspweb/ThinkPHP/Common/functions.php 第 1438 行.
ERR: 模板不存在:./App/Home/View/Index/index.html

[ 2016-07-05T17:12:00+08:00 ] 123.119.189.223 /index.php
INFO: [ app_init ] --START--
INFO: Run Behavior\BuildLiteBehavior [ RunTime:0.000080s ]
INFO: [ app_init ] --END-- [ RunTime:0.000517s ]
INFO: [ app_begin ] --START--
INFO: Run Behavior\ReadHtmlCacheBehavior [ RunTime:0.000196s ]
INFO: [ app_begin ] --END-- [ RunTime:0.000526s ]
NOTIC: [2] session_start(): open(/var/lib/php/session/sess_mm4qlb207a18fbajplag5nrdp7, O_RDWR) failed: Permission denied (13) /home/dspweb/ThinkPHP/Common/functions.php 第 1438 行.
ERR: 模板不存在:./App/Home/View/Index/index.html

[ 2016-07-05T17:15:32+08:00 ] 123.119.189.223 /index.php
INFO: [ app_init ] --START--
INFO: Run Behavior\BuildLiteBehavior [ RunTime:0.000135s ]
INFO: [ app_init ] --END-- [ RunTime:0.000914s ]
INFO: [ app_begin ] --START--
INFO: Run Behavior\ReadHtmlCacheBehavior [ RunTime:0.000363s ]
INFO: [ app_begin ] --END-- [ RunTime:0.000943s ]
NOTIC: [2] session_start(): open(/var/lib/php/session/sess_mm4qlb207a18fbajplag5nrdp7, O_RDWR) failed: Permission denied (13) /home/dspweb/ThinkPHP/Common/functions.php 第 1438 行.
INFO: [ view_parse ] --START--
INFO: [ template_filter ] --START--
INFO: Run Behavior\ContentReplaceBehavior [ RunTime:0.000265s ]
INFO: [ template_filter ] --END-- [ RunTime:0.000811s ]
NOTIC: [8] Undefined variable: name /home/dspweb/App/Runtime/Cache/Home/00e52909bed743ea261af4b6823297ff.php 第 10 行.
NOTIC: [8] Undefined variable: _server /home/dspweb/App/Runtime/Cache/Home/00e52909bed743ea261af4b6823297ff.php 第 13 行.
INFO: Run Behavior\ParseTemplateBehavior [ RunTime:0.009454s ]
INFO: [ view_parse ] --END-- [ RunTime:0.009981s ]
INFO: [ view_filter ] --START--
INFO: Run Behavior\WriteHtmlCacheBehavior [ RunTime:0.000297s ]
INFO: [ view_filter ] --END-- [ RunTime:0.000787s ]
INFO: [ app_end ] --START--
INFO: Run Behavior\ShowPageTraceBehavior [ RunTime:0.000304s ]
INFO: [ app_end ] --END-- [ RunTime:0.000787s ]

[ 2016-07-05T17:16:30+08:00 ] 123.119.189.223 /index.php
INFO: [ app_init ] --START--
INFO: Run Behavior\BuildLiteBehavior [ RunTime:0.000130s ]
INFO: [ app_init ] --END-- [ RunTime:0.000874s ]
INFO: [ app_begin ] --START--
INFO: Run Behavior\ReadHtmlCacheBehavior [ RunTime:0.000366s ]
INFO: [ app_begin ] --END-- [ RunTime:0.000952s ]
NOTIC: [2] session_start(): open(/var/lib/php/session/sess_mm4qlb207a18fbajplag5nrdp7, O_RDWR) failed: Permission denied (13) /home/dspweb/ThinkPHP/Common/functions.php 第 1438 行.
INFO: [ view_parse ] --START--
INFO: [ template_filter ] --START--
INFO: Run Behavior\ContentReplaceBehavior [ RunTime:0.000314s ]
INFO: [ template_filter ] --END-- [ RunTime:0.000866s ]
INFO: Run Behavior\ParseTemplateBehavior [ RunTime:0.008318s ]
INFO: [ view_parse ] --END-- [ RunTime:0.008847s ]
INFO: [ view_filter ] --START--
INFO: Run Behavior\WriteHtmlCacheBehavior [ RunTime:0.000298s ]
INFO: [ view_filter ] --END-- [ RunTime:0.000787s ]
INFO: [ app_end ] --START--
INFO: Run Behavior\ShowPageTraceBehavior [ RunTime:0.000285s ]
INFO: [ app_end ] --END-- [ RunTime:0.000802s ]

[ 2016-07-05T17:16:31+08:00 ] 123.119.189.223 /public/js/avalon.js
INFO: [ app_init ] --START--
INFO: Run Behavior\BuildLiteBehavior [ RunTime:0.000110s ]
INFO: [ app_init ] --END-- [ RunTime:0.000741s ]
INFO: [ app_begin ] --START--
INFO: Run Behavior\ReadHtmlCacheBehavior [ RunTime:0.000284s ]
INFO: [ app_begin ] --END-- [ RunTime:0.000788s ]
NOTIC: [2] session_start(): open(/var/lib/php/session/sess_mm4qlb207a18fbajplag5nrdp7, O_RDWR) failed: Permission denied (13) /home/dspweb/ThinkPHP/Common/functions.php 第 1438 行.
ERR: 无法加载控制器:Public

[ 2016-07-05T17:16:31+08:00 ] 123.119.189.223 /public/js/main.js
INFO: [ app_init ] --START--
INFO: Run Behavior\BuildLiteBehavior [ RunTime:0.000106s ]
INFO: [ app_init ] --END-- [ RunTime:0.000721s ]
INFO: [ app_begin ] --START--
INFO: Run Behavior\ReadHtmlCacheBehavior [ RunTime:0.000273s ]
INFO: [ app_begin ] --END-- [ RunTime:0.000770s ]
NOTIC: [2] session_start(): open(/var/lib/php/session/sess_mm4qlb207a18fbajplag5nrdp7, O_RDWR) failed: Permission denied (13) /home/dspweb/ThinkPHP/Common/functions.php 第 1438 行.
ERR: 无法加载控制器:Public

[ 2016-07-05T17:20:39+08:00 ] 123.119.189.223 /index.php
INFO: [ app_init ] --START--
INFO: Run Behavior\BuildLiteBehavior [ RunTime:0.000097s ]
INFO: [ app_init ] --END-- [ RunTime:0.000645s ]
INFO: [ app_begin ] --START--
INFO: Run Behavior\ReadHtmlCacheBehavior [ RunTime:0.000254s ]
INFO: [ app_begin ] --END-- [ RunTime:0.000703s ]
NOTIC: [2] session_start(): open(/var/lib/php/session/sess_mm4qlb207a18fbajplag5nrdp7, O_RDWR) failed: Permission denied (13) /home/dspweb/ThinkPHP/Common/functions.php 第 1438 行.
INFO: [ view_parse ] --START--
INFO: [ template_filter ] --START--
INFO: Run Behavior\ContentReplaceBehavior [ RunTime:0.000184s ]
INFO: [ template_filter ] --END-- [ RunTime:0.000557s ]
INFO: Run Behavior\ParseTemplateBehavior [ RunTime:0.005721s ]
INFO: [ view_parse ] --END-- [ RunTime:0.006113s ]
INFO: [ view_filter ] --START--
INFO: Run Behavior\WriteHtmlCacheBehavior [ RunTime:0.000221s ]
INFO: [ view_filter ] --END-- [ RunTime:0.000583s ]
INFO: [ app_end ] --START--
INFO: Run Behavior\ShowPageTraceBehavior [ RunTime:0.000212s ]
INFO: [ app_end ] --END-- [ RunTime:0.000559s ]

[ 2016-07-05T17:21:50+08:00 ] 123.119.189.223 /index.php
INFO: [ app_init ] --START--
INFO: Run Behavior\BuildLiteBehavior [ RunTime:0.000134s ]
INFO: [ app_init ] --END-- [ RunTime:0.000893s ]
INFO: [ app_begin ] --START--
INFO: Run Behavior\ReadHtmlCacheBehavior [ RunTime:0.000339s ]
INFO: [ app_begin ] --END-- [ RunTime:0.000935s ]
NOTIC: [2] session_start(): open(/var/lib/php/session/sess_mm4qlb207a18fbajplag5nrdp7, O_RDWR) failed: Permission denied (13) /home/dspweb/ThinkPHP/Common/functions.php 第 1438 行.
INFO: [ view_parse ] --START--
INFO: [ template_filter ] --START--
INFO: Run Behavior\ContentReplaceBehavior [ RunTime:0.000295s ]
INFO: [ template_filter ] --END-- [ RunTime:0.000841s ]
INFO: Run Behavior\ParseTemplateBehavior [ RunTime:0.008116s ]
INFO: [ view_parse ] --END-- [ RunTime:0.008673s ]
INFO: [ view_filter ] --START--
INFO: Run Behavior\WriteHtmlCacheBehavior [ RunTime:0.000305s ]
INFO: [ view_filter ] --END-- [ RunTime:0.000794s ]
INFO: [ app_end ] --START--
INFO: Run Behavior\ShowPageTraceBehavior [ RunTime:0.000288s ]
INFO: [ app_end ] --END-- [ RunTime:0.000778s ]

[ 2016-07-05T19:03:50+08:00 ] 151.80.31.183 /robots.txt
INFO: [ app_init ] --START--
INFO: Run Behavior\BuildLiteBehavior [ RunTime:0.000130s ]
INFO: [ app_init ] --END-- [ RunTime:0.000887s ]
INFO: [ app_begin ] --START--
INFO: Run Behavior\ReadHtmlCacheBehavior [ RunTime:0.000342s ]
INFO: [ app_begin ] --END-- [ RunTime:0.000934s ]
NOTIC: [2] session_start(): open(/var/lib/php/session/sess_53gbn8e8o6khj6austehjqngk3, O_RDWR) failed: Permission denied (13) /home/dspweb/ThinkPHP/Common/functions.php 第 1438 行.
ERR: 无法加载控制器:Robots

[ 2016-07-05T19:04:05+08:00 ] 51.255.65.11 /info.html
INFO: [ app_init ] --START--
INFO: Run Behavior\BuildLiteBehavior [ RunTime:0.000128s ]
INFO: [ app_init ] --END-- [ RunTime:0.000874s ]
INFO: [ app_begin ] --START--
INFO: Run Behavior\ReadHtmlCacheBehavior [ RunTime:0.000334s ]
INFO: [ app_begin ] --END-- [ RunTime:0.000922s ]
NOTIC: [2] session_start(): open(/var/lib/php/session/sess_89rd03tqet0jgjdbmutio0sfm5, O_RDWR) failed: Permission denied (13) /home/dspweb/ThinkPHP/Common/functions.php 第 1438 行.
ERR: 无法加载控制器:Info

[ 2016-07-05T19:52:33+08:00 ] 62.210.170.165 /robots.txt
INFO: [ app_init ] --START--
INFO: Run Behavior\BuildLiteBehavior [ RunTime:0.000129s ]
INFO: [ app_init ] --END-- [ RunTime:0.000875s ]
INFO: [ app_begin ] --START--
INFO: Run Behavior\ReadHtmlCacheBehavior [ RunTime:0.000332s ]
INFO: [ app_begin ] --END-- [ RunTime:0.000893s ]
NOTIC: [2] session_start(): open(/var/lib/php/session/sess_3oqv3sldsd4jnihs81d9l2dlp1, O_RDWR) failed: Permission denied (13) /home/dspweb/ThinkPHP/Common/functions.php 第 1438 行.
ERR: 无法加载控制器:Robots

[ 2016-07-05T19:53:17+08:00 ] 62.210.170.165 /about-us.html
INFO: [ app_init ] --START--
INFO: Run Behavior\BuildLiteBehavior [ RunTime:0.000097s ]
INFO: [ app_init ] --END-- [ RunTime:0.000646s ]
INFO: [ app_begin ] --START--
INFO: Run Behavior\ReadHtmlCacheBehavior [ RunTime:0.000250s ]
INFO: [ app_begin ] --END-- [ RunTime:0.000694s ]
NOTIC: [2] session_start(): open(/var/lib/php/session/sess_126qh864andi1aou5574imhr54, O_RDWR) failed: Permission denied (13) /home/dspweb/ThinkPHP/Common/functions.php 第 1438 行.
ERR: 无法加载控制器:About-us

[ 2016-07-05T19:59:05+08:00 ] 178.203.146.227 /robots.txt
INFO: [ app_init ] --START--
INFO: Run Behavior\BuildLiteBehavior [ RunTime:0.000130s ]
INFO: [ app_init ] --END-- [ RunTime:0.000878s ]
INFO: [ app_begin ] --START--
INFO: Run Behavior\ReadHtmlCacheBehavior [ RunTime:0.000337s ]
INFO: [ app_begin ] --END-- [ RunTime:0.000907s ]
NOTIC: [2] session_start(): open(/var/lib/php/session/sess_22ojuc4ev0g0hjdqso7ggel497, O_RDWR) failed: Permission denied (13) /home/dspweb/ThinkPHP/Common/functions.php 第 1438 行.
ERR: 无法加载控制器:Robots

[ 2016-07-05T19:59:07+08:00 ] 178.203.146.227 /join-us.html
INFO: [ app_init ] --START--
INFO: Run Behavior\BuildLiteBehavior [ RunTime:0.000116s ]
INFO: [ app_init ] --END-- [ RunTime:0.000789s ]
INFO: [ app_begin ] --START--
INFO: Run Behavior\ReadHtmlCacheBehavior [ RunTime:0.000305s ]
INFO: [ app_begin ] --END-- [ RunTime:0.000845s ]
NOTIC: [2] session_start(): open(/var/lib/php/session/sess_hjba9ge4ij8jk6i076qdf653o0, O_RDWR) failed: Permission denied (13) /home/dspweb/ThinkPHP/Common/functions.php 第 1438 行.
ERR: 无法加载控制器:Join-us

[ 2016-07-05T19:59:10+08:00 ] 178.203.146.227 /service.html
INFO: [ app_init ] --START--
INFO: Run Behavior\BuildLiteBehavior [ RunTime:0.000150s ]
INFO: [ app_init ] --END-- [ RunTime:0.000840s ]
INFO: [ app_begin ] --START--
INFO: Run Behavior\ReadHtmlCacheBehavior [ RunTime:0.000318s ]
INFO: [ app_begin ] --END-- [ RunTime:0.000905s ]
NOTIC: [2] session_start(): open(/var/lib/php/session/sess_r0nqj8g8rt2ffnjb11nu0etjd1, O_RDWR) failed: Permission denied (13) /home/dspweb/ThinkPHP/Common/functions.php 第 1438 行.
ERR: 无法加载控制器:Service

